<?xml version="1.0" encoding="UTF-8"?>
<testsuite name="EncryptDecryptTest" tests="1" skipped="0" failures="0" errors="0" timestamp="2019-09-24T16:34:05" hostname="shitPc" time="0.221">
  <properties/>
  <testcase name="start" classname="EncryptDecryptTest" time="0.221"/>
  <system-out><![CDATA[87  92
101  106
108  113
99  104
111  116
109  114
101  106
32  37
116  121
111  116
32  37
104  109
121  126
112  117
101  106
114  119
115  120
107  112
105  110
108  113
108  113
33  38
72  72
101  101
108  108
108  108
111  111
48  49
49  50
50  51
51  52
52  53
53  54
54  55
55  56
56  57
92  87
106  101
113  108
104  99
116  111
114  109
106  101
37  32
121  116
116  111
37  32
109  104
126  121
117  112
106  101
119  114
120  115
112  107
110  105
113  108
113  108
38  33
72  72
105  105
50  49
50  49
50  49
50  49
51  50
51  50
51  50
51  50
52  51
52  51
52  51
52  51
]]></system-out>
  <system-err><![CDATA[Start test 1
Start test 2
Start test 3
Start test 4
Start test 5
Start test 6
Start test 7
Start test 8
Start test 9
Start test 10
Start test 11
]]></system-err>
</testsuite>
